app/build/outputs/logs/manifest-merger-release-report.txt
-- Merging decision tree log ---
manifest
ADDED from src\main\AndroidManifest.xml:2:1-178:12
	package
		ADDED from src\main\AndroidManifest.xml:3:5-30
		INJECTED from src\main\AndroidManifest.xml
		INJECTED from src\main\AndroidManifest.xml
	android:versionName
		ADDED from src\main\AndroidManifest.xml:5:5-30
		INJECTED from src\main\AndroidManifest.xml
		INJECTED from src\main\AndroidManifest.xml
	android:versionCode
		ADDED from src\main\AndroidManifest.xml:4:5-28
		INJECTED from src\main\AndroidManifest.xml
		INJECTED from src\main\AndroidManifest.xml
	xmlns:android
		ADDED from src\main\AndroidManifest.xml:2:11-69
uses-sdk
ADDED from src\main\AndroidManifest.xml:7:5-9:41
MERGED from [com.android.support:support-v4:22.0.0] AndroidManifest.xml:20:5-43
	android:targetSdkVersion
		ADDED from src\main\AndroidManifest.xml:9:9-38
		INJECTED from src\main\AndroidManifest.xml
		INJECTED from src\main\AndroidManifest.xml
	android:minSdkVersion
		ADDED from src\main\AndroidManifest.xml:8:9-35
		INJECTED from src\main\AndroidManifest.xml
		INJECTED from src\main\AndroidManifest.xml
uses-permission#android.permission.INTERNET
ADDED from src\main\AndroidManifest.xml:11:5-66
	android:name
		ADDED from src\main\AndroidManifest.xml:11:22-64
uses-permission#android.permission.ACCESS_NETWORK_STATE
ADDED from src\main\AndroidManifest.xml:12:5-78
	android:name
		ADDED from src\main\AndroidManifest.xml:12:22-76
uses-permission#android.permission.ACCESS_WIFI_STATE
ADDED from src\main\AndroidManifest.xml:13:5-75
	android:name
		ADDED from src\main\AndroidManifest.xml:13:22-73
uses-permission#android.permission.READ_PHONE_STATE
ADDED from src\main\AndroidManifest.xml:14:5-74
	android:name
		ADDED from src\main\AndroidManifest.xml:14:22-72
uses-permission#android.permission.RECEIVE_BOOT_COMPLETED
ADDED from src\main\AndroidManifest.xml:15:5-80
	android:name
		ADDED from src\main\AndroidManifest.xml:15:22-78
uses-permission#android.permission.READ_LOGS
ADDED from src\main\AndroidManifest.xml:16:5-67
	android:name
		ADDED from src\main\AndroidManifest.xml:16:22-65
uses-permission#android.permission.ACCESS_FINE_LOCATION
ADDED from src\main\AndroidManifest.xml:18:5-78
	android:name
		ADDED from src\main\AndroidManifest.xml:18:22-76
uses-permission#android.permission.ACCESS_COARSE_LOCATION
ADDED from src\main\AndroidManifest.xml:19:5-80
	android:name
		ADDED from src\main\AndroidManifest.xml:19:22-78
uses-permission#android.permission.SYSTEM_ALERT_WINDOW
ADDED from src\main\AndroidManifest.xml:20:5-78
	android:name
		ADDED from src\main\AndroidManifest.xml:20:22-75
uses-permission#android.permission.GET_TASKS
ADDED from src\main\AndroidManifest.xml:22:5-68
	android:name
		ADDED from src\main\AndroidManifest.xml:22:22-65
uses-permission#com.android.launcher.permission.READ_SETTINGS
ADDED from src\main\AndroidManifest.xml:23:5-85
	android:name
		ADDED from src\main\AndroidManifest.xml:23:22-82
uses-permission#android.permission.WAKE_LOCK
ADDED from src\main\AndroidManifest.xml:24:5-25:23
	android:name
		ADDED from src\main\AndroidManifest.xml:24:22-65
uses-permission#android.permission.CHANGE_WIFI_STATE
ADDED from src\main\AndroidManifest.xml:26:5-76
	android:name
		ADDED from src\main\AndroidManifest.xml:26:22-73
uses-permission#android.permission.WRITE_EXTERNAL_STORAGE
ADDED from src\main\AndroidManifest.xml:29:5-30:23
	android:name
		ADDED from src\main\AndroidManifest.xml:29:22-78
uses-permission#android.permission.WRITE_SETTINGS
ADDED from src\main\AndroidManifest.xml:31:5-73
	android:name
		ADDED from src\main\AndroidManifest.xml:31:22-70
uses-permission#android.permission.MOUNT_UNMOUNT_FILESYSTEMS
ADDED from src\main\AndroidManifest.xml:43:2-97
	android:name
		ADDED from src\main\AndroidManifest.xml:43:19-78
application
ADDED from src\main\AndroidManifest.xml:45:5-177:19
MERGED from [com.android.support:support-v4:22.0.0] AndroidManifest.xml:22:5-20
	android:label
		ADDED from src\main\AndroidManifest.xml:49:9-41
	android:allowBackup
		ADDED from src\main\AndroidManifest.xml:47:4-30
	android:icon
		ADDED from src\main\AndroidManifest.xml:48:9-39
	android:theme
		ADDED from src\main\AndroidManifest.xml:50:9-40
	android:name
		ADDED from src\main\AndroidManifest.xml:46:9-59
meta-data#com.baidu.lbsapi.API_KEY
ADDED from src\main\AndroidManifest.xml:52:9-54:53
	android:value
		ADDED from src\main\AndroidManifest.xml:54:10-50
	android:name
		ADDED from src\main\AndroidManifest.xml:53:10-49
activity#edu.bzu.project.activity.Welcome
ADDED from src\main\AndroidManifest.xml:55:9-64:20
	android:label
		ADDED from src\main\AndroidManifest.xml:57:13-45
	android:theme
		ADDED from src\main\AndroidManifest.xml:58:13-71
	android:name
		ADDED from src\main\AndroidManifest.xml:56:13-60
intent-filter#android.intent.action.MAIN+android.intent.category.LAUNCHER
ADDED from src\main\AndroidManifest.xml:59:13-63:29
action#android.intent.action.MAIN
ADDED from src\main\AndroidManifest.xml:60:17-69
	android:name
		ADDED from src\main\AndroidManifest.xml:60:25-66
category#android.intent.category.LAUNCHER
ADDED from src\main\AndroidManifest.xml:62:17-77
	android:name
		ADDED from src\main\AndroidManifest.xml:62:27-74
activity#edu.bzu.project.activity.RegisterActivity
ADDED from src\main\AndroidManifest.xml:67:9-68:20
	android:name
		ADDED from src\main\AndroidManifest.xml:67:19-75
activity#edu.bzu.project.activity.LoginActivity
ADDED from src\main\AndroidManifest.xml:69:9-70:20
	android:name
		ADDED from src\main\AndroidManifest.xml:69:19-72
activity#edu.bzu.project.activity.MainActivity
ADDED from src\main\AndroidManifest.xml:71:9-72:20
	android:name
		ADDED from src\main\AndroidManifest.xml:71:19-71
activity#edu.bzu.project.activity.setting.GuideBoy2
ADDED from src\main\AndroidManifest.xml:74:9-75:20
	android:name
		ADDED from src\main\AndroidManifest.xml:74:19-76
activity#edu.bzu.project.activity.setting.GuideBoy3
ADDED from src\main\AndroidManifest.xml:76:9-77:20
	android:name
		ADDED from src\main\AndroidManifest.xml:76:19-76
activity#edu.bzu.project.activity.setting.GuideBoy4
ADDED from src\main\AndroidManifest.xml:78:9-79:20
	android:name
		ADDED from src\main\AndroidManifest.xml:78:19-76
activity#edu.bzu.project.activity.setting.GuideGril2
ADDED from src\main\AndroidManifest.xml:80:9-81:20
	android:name
		ADDED from src\main\AndroidManifest.xml:80:19-77
activity#edu.bzu.project.activity.setting.GuideGril3
ADDED from src\main\AndroidManifest.xml:82:9-83:20
	android:name
		ADDED from src\main\AndroidManifest.xml:82:19-77
activity#edu.bzu.project.activity.setting.GuideGril4
ADDED from src\main\AndroidManifest.xml:84:9-85:20
	android:name
		ADDED from src\main\AndroidManifest.xml:84:19-77
activity#edu.bzu.project.activity.setting.SetAim
ADDED from src\main\AndroidManifest.xml:86:10-87:20
	android:name
		ADDED from src\main\AndroidManifest.xml:86:20-74
activity#edu.bzu.project.activity.Guide
ADDED from src\main\AndroidManifest.xml:89:9-90:20
	android:name
		ADDED from src\main\AndroidManifest.xml:89:19-64
activity#edu.bzu.project.activity.map.BMapActivity
ADDED from src\main\AndroidManifest.xml:91:9-92:20
	android:name
		ADDED from src\main\AndroidManifest.xml:91:19-75
activity#edu.bzu.project.activity.map.ShowInfoActivity
ADDED from src\main\AndroidManifest.xml:93:9-94:20
	android:name
		ADDED from src\main\AndroidManifest.xml:93:19-79
activity#edu.bzu.project.activity.BBS.EditActivity
ADDED from src\main\AndroidManifest.xml:95:9-96:20
	android:name
		ADDED from src\main\AndroidManifest.xml:95:19-75
activity#edu.bzu.project.activity.BBS.LookActivity
ADDED from src\main\AndroidManifest.xml:97:10-98:20
	android:name
		ADDED from src\main\AndroidManifest.xml:97:20-76
activity#edu.bzu.project.activity.BBS.CommentActivity
ADDED from src\main\AndroidManifest.xml:99:10-100:20
	android:name
		ADDED from src\main\AndroidManifest.xml:99:20-79
activity#edu.bzu.project.activity.BBS.AttentionActivity
ADDED from src\main\AndroidManifest.xml:101:9-102:20
	android:name
		ADDED from src\main\AndroidManifest.xml:101:19-80
activity#edu.bzu.project.activity.BBS.PaiHangActivity
ADDED from src\main\AndroidManifest.xml:103:9-104:20
	android:name
		ADDED from src\main\AndroidManifest.xml:103:19-78
activity#edu.bzu.project.activity.BBS.AttentionInfoActivity
ADDED from src\main\AndroidManifest.xml:105:9-106:20
	android:name
		ADDED from src\main\AndroidManifest.xml:105:19-84
activity#edu.bzu.project.activity.BBS.PKActivity
ADDED from src\main\AndroidManifest.xml:107:9-108:20
	android:name
		ADDED from src\main\AndroidManifest.xml:107:19-73
activity#edu.bzu.project.activity.BBS.LookAttentionActivity
ADDED from src\main\AndroidManifest.xml:109:9-110:20
	android:name
		ADDED from src\main\AndroidManifest.xml:109:19-84
activity#edu.bzu.project.activity.BBS.Health_InfoActivity
ADDED from src\main\AndroidManifest.xml:111:9-112:20
	android:name
		ADDED from src\main\AndroidManifest.xml:111:19-82
activity#edu.bzu.project.activity.setting.AddSport_Activity
ADDED from src\main\AndroidManifest.xml:113:9-115:20
	android:name
		ADDED from src\main\AndroidManifest.xml:114:13-78
activity#edu.bzu.project.activity.setting.AddExercise_Acivity
ADDED from src\main\AndroidManifest.xml:116:9-118:20
	android:name
		ADDED from src\main\AndroidManifest.xml:117:13-80
activity#edu.bzu.project.activity.setting.LookSport_Activity
ADDED from src\main\AndroidManifest.xml:119:9-121:20
	android:name
		ADDED from src\main\AndroidManifest.xml:120:13-79
activity#edu.bzu.project.activity.setting.AlbumActivity
ADDED from src\main\AndroidManifest.xml:122:9-124:20
	android:name
		ADDED from src\main\AndroidManifest.xml:123:13-74
service#com.baidu.location.f
ADDED from src\main\AndroidManifest.xml:126:9-130:19
	android:enabled
		ADDED from src\main\AndroidManifest.xml:128:13-35
	android:process
		ADDED from src\main\AndroidManifest.xml:129:13-38
	android:name
		ADDED from src\main\AndroidManifest.xml:127:13-48
service#edu.bzu.project.service.StepService
ADDED from src\main\AndroidManifest.xml:131:9-132:19
	android:name
		ADDED from src\main\AndroidManifest.xml:131:18-68
receiver#edu.bzu.project.receiver.PedometerReceiver
ADDED from src\main\AndroidManifest.xml:134:10-139:21
	android:name
		ADDED from src\main\AndroidManifest.xml:135:14-71
intent-filter#edu.bzu.project.PedometerReceiver.SERVICE
ADDED from src\main\AndroidManifest.xml:136:14-138:30
action#edu.bzu.project.PedometerReceiver.SERVICE
ADDED from src\main\AndroidManifest.xml:137:18-84
	android:name
		ADDED from src\main\AndroidManifest.xml:137:26-82
activity#com.mob.tools.MobUIShell
ADDED from src\main\AndroidManifest.xml:142:9-162:20
	android:screenOrientation
		ADDED from src\main\AndroidManifest.xml:146:13-49
	android:windowSoftInputMode
		ADDED from src\main\AndroidManifest.xml:147:13-67
	android:configChanges
		ADDED from src\main\AndroidManifest.xml:145:13-74
	android:theme
		ADDED from src\main\AndroidManifest.xml:144:13-72
	android:name
		ADDED from src\main\AndroidManifest.xml:143:13-52
intent-filter#android.intent.action.VIEW+android.intent.category.BROWSABLE+android.intent.category.DEFAULT
ADDED from src\main\AndroidManifest.xml:149:13-155:29
data
ADDED from src\main\AndroidManifest.xml:151:17-60
	android:scheme
		ADDED from src\main\AndroidManifest.xml:151:23-57
action#android.intent.action.VIEW
ADDED from src\main\AndroidManifest.xml:152:17-69
	android:name
		ADDED from src\main\AndroidManifest.xml:152:25-66
category#android.intent.category.BROWSABLE
ADDED from src\main\AndroidManifest.xml:153:17-78
	android:name
		ADDED from src\main\AndroidManifest.xml:153:27-75
category#android.intent.category.DEFAULT
ADDED from src\main\AndroidManifest.xml:154:17-76
	android:name
		ADDED from src\main\AndroidManifest.xml:154:27-73
intent-filter#android.intent.category.DEFAULT+com.sina.weibo.sdk.action.ACTION_SDK_REQ_ACTIVITY
ADDED from src\main\AndroidManifest.xml:158:13-161:29
action#com.sina.weibo.sdk.action.ACTION_SDK_REQ_ACTIVITY
ADDED from src\main\AndroidManifest.xml:159:17-92
	android:name
		ADDED from src\main\AndroidManifest.xml:159:25-89
activity#cn.sharesdk.demo.wxapi.WXEntryActivity
ADDED from src\main\AndroidManifest.xml:171:9-176:52
	android:screenOrientation
		ADDED from src\main\AndroidManifest.xml:176:13-49
	android:exported
		ADDED from src\main\AndroidManifest.xml:175:13-36
	android:configChanges
		ADDED from src\main\AndroidManifest.xml:174:13-74
	android:theme
		ADDED from src\main\AndroidManifest.xml:173:13-72
	android:name
		ADDED from src\main\AndroidManifest.xml:172:13-66